<?xml version="1.0" encoding="UTF-8"?>
<!-- Generated by org.testng.reporters.JUnitReportReporter -->
<testsuite skipped="0" hostname="DESKTOP-5E8VB7T" name="Runners._04_TestRunnerSmoke" tests="2" failures="0" timestamp="03 May 2023 16:41:06 GMT" time="40.187" errors="0">
  <testcase name="runScenario" time="25.228" classname="Runners._04_TestRunnerSmoke"/>
  <testcase name="runScenario" time="14.959" classname="Runners._04_TestRunnerSmoke"/>
</testsuite> <!-- Runners._04_TestRunnerSmoke -->
