<?xml version="1.0" encoding="UTF-8"?>
<!-- Generated by org.testng.reporters.JUnitReportReporter -->
<testsuite skipped="0" hostname="DESKTOP-5E8VB7T" name="Runners._04_TestRunnerSmoke" tests="2" failures="0" timestamp="02 May 2023 16:49:49 GMT" time="34.055" errors="0">
  <testcase name="runScenario" time="17.507" classname="Runners._04_TestRunnerSmoke"/>
  <testcase name="runScenario" time="16.548" classname="Runners._04_TestRunnerSmoke"/>
</testsuite> <!-- Runners._04_TestRunnerSmoke -->
